<?xml version="1.0" encoding="UTF-8"?>
<!-- Generated by org.testng.reporters.JUnitReportReporter -->
<testsuite hostname="MAVBCP761" failures="0" tests="1" name="com.banking.testcases.TC_LoginTest_001" time="3.203" errors="0" timestamp="2021-12-23T16:46:43 IST" skipped="0">
  <testcase classname="com.banking.testcases.TC_LoginTest_001" name="LoginTest" time="3.203"/>
  <system-out/>
</testsuite> <!-- com.banking.testcases.TC_LoginTest_001 -->
